INFO:  latexindent.exe version 3.23.4, 2023-11-19, a script to indent .tex files
       latexindent.exe lives here: C:/Users/Azeez/AppData/Local/nvim-data/mason/packages/latexindent/
       Wed Jul 17 07:00:38 2024
       Filename: src/main.tex
INFO:  Processing switches:
INFO:  Directory for backup files and indent.log:
       src
INFO:  YAML settings read: defaultSettings.yaml
       Reading defaultSettings.yaml from C:/Users/Azeez/AppData/Local/nvim-data/mason/packages/latexindent/defaultSettings.yaml
       Reading defaultSettings.yaml (2nd attempt) from C:/Users/Azeez/AppData/Local/nvim-data/mason/packages/latexindent/../../texmf-dist/scripts/latexindent/defaultSettings.yaml
       and then, if necessary, C:/Users/Azeez/AppData/Local/nvim-data/mason/packages/latexindent/LatexIndent/defaultSettings.yaml
INFO:  YAML reading settings
       Home directory is C:\Users\Azeez\AppData\Roaming\Swan
       latexindent.pl didn't find indentconfig.yaml or .indentconfig.yaml
       see all possible locations: https://latexindentpl.readthedocs.io/en/latest/sec-appendices.html#indentconfig-options)
INFO:  Phase 1: searching for objects
       No objects found.
INFO:  Phase 2: finding surrounding indentation
INFO:  Phase 3: indenting objects
INFO:  Phase 4: final indentation check
INFO:  Output routine:
       Not outputting to file; see -w and -o switches for more options.
       --------------
INFO:  Please direct all communication/issues to:
        https://github.com/cmhughes/latexindent.pl
